<?xml version="1.0" encoding="UTF-8"?>
<!-- Generated by org.testng.reporters.JUnitXMLReporter -->
<testsuite ignored="0" hostname="Kishorekumarkuppuswamy-mac.local" failures="0" tests="5" name="LoginValidation" time="0.142" errors="0" timestamp="24 May 2021 08:20:35 GMT">
  <testcase classname="com.mitigram.tests.LoginTests" name="@BeforeMethod setUp" time="0.1">
    <failure type="java.lang.IllegalStateException" message="The driver is not executable: /Users/kishorekumar.kuppus/Documents/MitigramProject/Mitigram-Workspace/Browsers/FirefoxDriver/geckodriver">
      <![CDATA[java.lang.IllegalStateException: The driver is not executable: /Users/kishorekumar.kuppus/Documents/MitigramProject/Mitigram-Workspace/Browsers/FirefoxDriver/geckodriver
at com.google.common.base.Preconditions.checkState(Preconditions.java:585)
at org.openqa.selenium.remote.service.DriverService.checkExecutable(DriverService.java:150)
at org.openqa.selenium.remote.service.DriverService.findExecutable(DriverService.java:141)
at org.openqa.selenium.firefox.GeckoDriverService.access$100(GeckoDriverService.java:44)
at org.openqa.selenium.firefox.GeckoDriverService$Builder.findDefaultExecutable(GeckoDriverService.java:167)
at org.openqa.selenium.remote.service.DriverService$Builder.build(DriverService.java:355)
at org.openqa.selenium.firefox.FirefoxDriver.toExecutor(FirefoxDriver.java:190)
at org.openqa.selenium.firefox.FirefoxDriver.<init>(FirefoxDriver.java:147)
at org.openqa.selenium.firefox.FirefoxDriver.<init>(FirefoxDriver.java:125)
at com.mitigram.base.WebBase.initialize(WebBase.java:54)
at com.mitigram.tests.LoginTests.setUp(LoginTests.java:27)
... Removed 28 stack frames]]>
    </failure>
  </testcase> <!-- @BeforeMethod setUp -->
  <testcase classname="com.mitigram.tests.LoginTests" name="@AfterMethod tearDown" time="0.0">
    <skipped/>
  </testcase> <!-- @AfterMethod tearDown -->
  <testcase classname="com.mitigram.tests.CareersTests" name="@BeforeMethod setUp" time="0.001">
    <failure type="java.lang.IllegalStateException" message="The driver is not executable: /Users/kishorekumar.kuppus/Documents/MitigramProject/Mitigram-Workspace/Browsers/FirefoxDriver/geckodriver">
      <![CDATA[java.lang.IllegalStateException: The driver is not executable: /Users/kishorekumar.kuppus/Documents/MitigramProject/Mitigram-Workspace/Browsers/FirefoxDriver/geckodriver
at com.google.common.base.Preconditions.checkState(Preconditions.java:585)
at org.openqa.selenium.remote.service.DriverService.checkExecutable(DriverService.java:150)
at org.openqa.selenium.remote.service.DriverService.findExecutable(DriverService.java:141)
at org.openqa.selenium.firefox.GeckoDriverService.access$100(GeckoDriverService.java:44)
at org.openqa.selenium.firefox.GeckoDriverService$Builder.findDefaultExecutable(GeckoDriverService.java:167)
at org.openqa.selenium.remote.service.DriverService$Builder.build(DriverService.java:355)
at org.openqa.selenium.firefox.FirefoxDriver.toExecutor(FirefoxDriver.java:190)
at org.openqa.selenium.firefox.FirefoxDriver.<init>(FirefoxDriver.java:147)
at org.openqa.selenium.firefox.FirefoxDriver.<init>(FirefoxDriver.java:125)
at com.mitigram.base.WebBase.initialize(WebBase.java:54)
at com.mitigram.tests.CareersTests.setUp(CareersTests.java:25)
... Removed 28 stack frames]]>
    </failure>
  </testcase> <!-- @BeforeMethod setUp -->
  <testcase classname="com.mitigram.tests.CareersTests" name="@AfterMethod tearDown" time="0.0">
    <skipped/>
  </testcase> <!-- @AfterMethod tearDown -->
  <testcase classname="com.mitigram.tests.LoginTests" name="@BeforeMethod setUp" time="0.0">
    <skipped/>
  </testcase> <!-- @BeforeMethod setUp -->
  <testcase classname="com.mitigram.tests.LoginTests" name="@AfterMethod tearDown" time="0.0">
    <skipped/>
  </testcase> <!-- @AfterMethod tearDown -->
  <testcase classname="com.mitigram.tests.CareersTests" name="@BeforeMethod setUp" time="0.0">
    <skipped/>
  </testcase> <!-- @BeforeMethod setUp -->
  <testcase classname="com.mitigram.tests.CareersTests" name="@AfterMethod tearDown" time="0.0">
    <skipped/>
  </testcase> <!-- @AfterMethod tearDown -->
  <testcase classname="com.mitigram.tests.LoginTests" name="@BeforeMethod setUp" time="0.0">
    <skipped/>
  </testcase> <!-- @BeforeMethod setUp -->
  <testcase classname="com.mitigram.tests.LoginTests" name="@AfterMethod tearDown" time="0.0">
    <skipped/>
  </testcase> <!-- @AfterMethod tearDown -->
  <testcase classname="com.mitigram.tests.LoginTests" name="loginValidation" time="0.0">
    <skipped/>
  </testcase> <!-- loginValidation -->
  <testcase classname="com.mitigram.tests.CareersTests" name="verifyErrorValidaitonForm" time="0.0">
    <skipped/>
  </testcase> <!-- verifyErrorValidaitonForm -->
  <testcase classname="com.mitigram.tests.LoginTests" name="verifyForgotPasswordRedirection" time="0.0">
    <skipped/>
  </testcase> <!-- verifyForgotPasswordRedirection -->
  <testcase classname="com.mitigram.tests.CareersTests" name="verifyUploadresume" time="0.0">
    <skipped/>
  </testcase> <!-- verifyUploadresume -->
  <testcase classname="com.mitigram.tests.LoginTests" name="verifyContactUsLinkRedirection" time="0.0">
    <skipped/>
  </testcase> <!-- verifyContactUsLinkRedirection -->
</testsuite> <!-- LoginValidation -->
